<?xml version="1.0" encoding="UTF-8"?>
<!-- Generated by org.testng.reporters.JUnitReportReporter -->
<testsuite hostname="LAPTOP-2GN2N30U" failures="0" tests="1" name="com.myproject.testcases.AddToCartTest" time="12.647" errors="0" timestamp="2021-08-04T16:59:29 EDT" skipped="0">
  <testcase classname="com.myproject.testcases.AddToCartTest" name="AddtoCartTest" time="12.647"/>
  <system-out/>
</testsuite> <!-- com.myproject.testcases.AddToCartTest -->
