<?xml version="1.0" encoding="UTF-8"?>
<!-- Generated by org.testng.reporters.JUnitReportReporter -->
<testsuite hostname="LAPTOP-2GN2N30U" failures="0" tests="1" name="com.myproject.testcases.OrderTest" time="56.313" errors="0" timestamp="2021-08-04T16:59:29 EDT" skipped="0">
  <testcase classname="com.myproject.testcases.OrderTest" name="verifyTotalPrice" time="56.313"/>
  <system-out/>
</testsuite> <!-- com.myproject.testcases.OrderTest -->
