<?xml version="1.0" encoding="UTF-8"?>
<!-- Generated by org.testng.reporters.JUnitReportReporter -->
<testsuite hostname="LAPTOP-2GN2N30U" failures="0" tests="2" name="com.myproject.testcases.IndexPageTest" time="7.103" errors="0" timestamp="2021-08-04T16:59:29 EDT" skipped="0">
  <testcase classname="com.myproject.testcases.IndexPageTest" name="verifyTitle" time="3.368"/>
  <system-out/>
  <testcase classname="com.myproject.testcases.IndexPageTest" name="verfiyLogo" time="3.735"/>
  <system-out/>
</testsuite> <!-- com.myproject.testcases.IndexPageTest -->
